[01m[K/home/pavitpc/ros2_ws/src/action_tutorials_cpp/src/navigate_to_pose_action_client.cpp:[m[K In member function â€˜[01m[Kvoid action_tutorials_cpp::NavigateToPoseActionClient::cancel_goals()[m[Kâ€™:
[01m[K/home/pavitpc/ros2_ws/src/action_tutorials_cpp/src/navigate_to_pose_action_client.cpp:44:72:[m[K [01;31m[Kerror: [m[Kâ€˜[01m[KCancelGoalsOptions[m[Kâ€™ is not a member of â€˜[01m[Krclcpp_action::Client<nav2_msgs::action::NavigateToPose>[m[Kâ€™
   44 | ncel_goals_options = rclcpp_action::Client<NavigateToPose>::[01;31m[KCancelGoalsOptions[m[K();
      |                                                             [01;31m[K^~~~~~~~~~~~~~~~~~[m[K

[01m[K/home/pavitpc/ros2_ws/src/action_tutorials_cpp/src/navigate_to_pose_action_client.cpp:46:76:[m[K [01;31m[Kerror: [m[Kâ€˜[01m[K_1[m[Kâ€™ was not declared in this scope; did you mean â€˜[01m[Kstd::placeholders::_1[m[Kâ€™?
   46 | d::bind(&NavigateToPoseActionClient::goal_response_callback, this, [01;31m[K_1[m[K);
      |                                                                    [01;31m[K^~[m[K
      |                                                                    [32m[Kstd::placeholders::_1[m[K
In file included from [01m[K/home/pavitpc/ros2_ws/src/action_tutorials_cpp/src/navigate_to_pose_action_client.cpp:1[m[K:
[01m[K/usr/include/c++/11/functional:225:34:[m[K [01;36m[Knote: [m[Kâ€˜[01m[Kstd::placeholders::_1[m[Kâ€™ declared here
  225 |     extern const _Placeholder<1> [01;36m[K_1[m[K;
      |                                  [01;36m[K^~[m[K
gmake[2]: *** [CMakeFiles/action_client.dir/build.make:76: CMakeFiles/action_client.dir/src/navigate_to_pose_action_client.cpp.o] Error 1
gmake[1]: *** [CMakeFiles/Makefile2:139: CMakeFiles/action_client.dir/all] Error 2
gmake: *** [Makefile:146: all] Error 2
