[3.166s] Invoking command in '/home/pavitpc/ros2_ws/build/action_tutorials_cpp': CMAKE_PREFIX_PATH=${CMAKE_PREFIX_PATH}:/home/pavitpc/ros2_ws/install/my_robot_controller:/home/pavitpc/ros2_ws/install/my_python_package:/opt/ros/humble /usr/bin/cmake --build /home/pavitpc/ros2_ws/build/action_tutorials_cpp -- -j4 -l4
[7.844s] -- Found ament_cmake: 1.3.6 (/opt/ros/humble/share/ament_cmake/cmake)
[7.844s] -- Found action_tutorials_interfaces: 0.20.3 (/opt/ros/humble/share/action_tutorials_interfaces/cmake)
[7.844s] -- Found rosidl_generator_c: 3.1.5 (/opt/ros/humble/share/rosidl_generator_c/cmake)
[7.845s] -- Found rosidl_adapter: 3.1.5 (/opt/ros/humble/share/rosidl_adapter/cmake)
[7.877s] -- Found rosidl_generator_cpp: 3.1.5 (/opt/ros/humble/share/rosidl_generator_cpp/cmake)
[7.880s] -- Using all available rosidl_typesupport_c: rosidl_typesupport_fastrtps_c;rosidl_typesupport_introspection_c
[7.902s] -- Using all available rosidl_typesupport_cpp: rosidl_typesupport_fastrtps_cpp;rosidl_typesupport_introspection_cpp
[7.919s] -- Found rclcpp: 16.0.7 (/opt/ros/humble/share/rclcpp/cmake)
[8.258s] -- Found rmw_implementation_cmake: 6.1.1 (/opt/ros/humble/share/rmw_implementation_cmake/cmake)
[8.269s] -- Found rmw_cyclonedds_cpp: 1.3.4 (/opt/ros/humble/share/rmw_cyclonedds_cpp/cmake)
[8.666s] -- Using RMW implementation 'rmw_cyclonedds_cpp' as default
[10.474s] -- Found rclcpp_action: 16.0.7 (/opt/ros/humble/share/rclcpp_action/cmake)
[10.766s] -- Found rclcpp_components: 16.0.7 (/opt/ros/humble/share/rclcpp_components/cmake)
[11.463s] -- Found nav2_msgs: 1.1.12 (/opt/ros/humble/share/nav2_msgs/cmake)
[16.856s] -- Found ament_lint_auto: 0.12.9 (/opt/ros/humble/share/ament_lint_auto/cmake)
[17.418s] -- Added test 'cppcheck' to perform static code analysis on C / C++ code
[17.427s] -- Configured cppcheck include dirs: $<BUILD_INTERFACE:/home/pavitpc/ros2_ws/src/action_tutorials_cpp/include>
[17.428s] -- Configured cppcheck exclude dirs and/or files: 
[17.448s] -- Added test 'lint_cmake' to check CMake code style
[17.449s] -- Added test 'uncrustify' to check C / C++ code style
[17.449s] -- Configured uncrustify additional arguments: 
[17.450s] -- Added test 'xmllint' to check XML markup files
[17.453s] -- Configuring done
[17.590s] -- Generating done
[17.595s] -- Build files have been written to: /home/pavitpc/ros2_ws/build/action_tutorials_cpp
[18.204s] [ 25%] [32mBuilding CXX object CMakeFiles/action_client.dir/src/navigate_to_pose_action_client.cpp.o[0m
[48.475s] [01m[K/home/pavitpc/ros2_ws/src/action_tutorials_cpp/src/navigate_to_pose_action_client.cpp:[m[K In member function â€˜[01m[Kvoid action_tutorials_cpp::NavigateToPoseActionClient::cancel_goals()[m[Kâ€™:
[48.481s] [01m[K/home/pavitpc/ros2_ws/src/action_tutorials_cpp/src/navigate_to_pose_action_client.cpp:44:72:[m[K [01;31m[Kerror: [m[Kâ€˜[01m[KCancelGoalsOptions[m[Kâ€™ is not a member of â€˜[01m[Krclcpp_action::Client<nav2_msgs::action::NavigateToPose>[m[Kâ€™
[48.484s]    44 | ncel_goals_options = rclcpp_action::Client<NavigateToPose>::[01;31m[KCancelGoalsOptions[m[K();
[48.487s]       |                                                             [01;31m[K^~~~~~~~~~~~~~~~~~[m[K
[48.493s] 
[48.502s] [01m[K/home/pavitpc/ros2_ws/src/action_tutorials_cpp/src/navigate_to_pose_action_client.cpp:46:76:[m[K [01;31m[Kerror: [m[Kâ€˜[01m[K_1[m[Kâ€™ was not declared in this scope; did you mean â€˜[01m[Kstd::placeholders::_1[m[Kâ€™?
[48.503s]    46 | d::bind(&NavigateToPoseActionClient::goal_response_callback, this, [01;31m[K_1[m[K);
[48.503s]       |                                                                    [01;31m[K^~[m[K
[48.503s]       |                                                                    [32m[Kstd::placeholders::_1[m[K
[48.503s] In file included from [01m[K/home/pavitpc/ros2_ws/src/action_tutorials_cpp/src/navigate_to_pose_action_client.cpp:1[m[K:
[48.504s] [01m[K/usr/include/c++/11/functional:225:34:[m[K [01;36m[Knote: [m[Kâ€˜[01m[Kstd::placeholders::_1[m[Kâ€™ declared here
[48.504s]   225 |     extern const _Placeholder<1> [01;36m[K_1[m[K;
[48.504s]       |                                  [01;36m[K^~[m[K
[54.974s] gmake[2]: *** [CMakeFiles/action_client.dir/build.make:76: CMakeFiles/action_client.dir/src/navigate_to_pose_action_client.cpp.o] Error 1
[54.974s] gmake[1]: *** [CMakeFiles/Makefile2:139: CMakeFiles/action_client.dir/all] Error 2
[54.974s] gmake: *** [Makefile:146: all] Error 2
[54.974s] Invoked command in '/home/pavitpc/ros2_ws/build/action_tutorials_cpp' returned '2': CMAKE_PREFIX_PATH=${CMAKE_PREFIX_PATH}:/home/pavitpc/ros2_ws/install/my_robot_controller:/home/pavitpc/ros2_ws/install/my_python_package:/opt/ros/humble /usr/bin/cmake --build /home/pavitpc/ros2_ws/build/action_tutorials_cpp -- -j4 -l4
