[2.937s] Invoking command in '/home/pavitpc/ros2_ws/build/my_package': CMAKE_PREFIX_PATH=${CMAKE_PREFIX_PATH}:/home/pavitpc/ros2_ws/install/my_robot_controller:/home/pavitpc/ros2_ws/install/my_python_package:/opt/ros/humble /usr/bin/cmake /home/pavitpc/ros2_ws/src/my_package -DCMAKE_INSTALL_PREFIX=/home/pavitpc/ros2_ws/install/my_package
[11.377s] -- Found ament_cmake: 1.3.6 (/opt/ros/humble/share/ament_cmake/cmake)
[11.378s] -- Override CMake install command with custom implementation using symlinks instead of copying resources
[11.378s] -- Found ament_lint_auto: 0.12.9 (/opt/ros/humble/share/ament_lint_auto/cmake)
[11.378s] -- Added test 'cppcheck' to perform static code analysis on C / C++ code
[11.378s] -- Configured cppcheck include dirs: $<BUILD_INTERFACE:/home/pavitpc/ros2_ws/src/my_package/include>
[11.378s] -- Configured cppcheck exclude dirs and/or files: 
[11.378s] -- Added test 'lint_cmake' to check CMake code style
[11.378s] -- Added test 'uncrustify' to check C / C++ code style
[11.379s] -- Configured uncrustify additional arguments: 
[11.379s] -- Added test 'xmllint' to check XML markup files
[11.379s] -- Configuring done
[11.379s] -- Generating done
[11.379s] -- Build files have been written to: /home/pavitpc/ros2_ws/build/my_package
[11.410s] Invoked command in '/home/pavitpc/ros2_ws/build/my_package' returned '0': CMAKE_PREFIX_PATH=${CMAKE_PREFIX_PATH}:/home/pavitpc/ros2_ws/install/my_robot_controller:/home/pavitpc/ros2_ws/install/my_python_package:/opt/ros/humble /usr/bin/cmake /home/pavitpc/ros2_ws/src/my_package -DCMAKE_INSTALL_PREFIX=/home/pavitpc/ros2_ws/install/my_package
[11.430s] Invoking command in '/home/pavitpc/ros2_ws/build/my_package': CMAKE_PREFIX_PATH=${CMAKE_PREFIX_PATH}:/home/pavitpc/ros2_ws/install/my_robot_controller:/home/pavitpc/ros2_ws/install/my_python_package:/opt/ros/humble /usr/bin/cmake --build /home/pavitpc/ros2_ws/build/my_package -- -j4 -l4
[12.019s] [35m[1mConsolidate compiler generated dependencies of target my_node[0m
[12.162s] [ 50%] [32mBuilding CXX object CMakeFiles/my_node.dir/src/my_node.cpp.o[0m
[12.954s] [01m[K/home/pavitpc/ros2_ws/src/my_package/src/my_node.cpp:1:10:[m[K [01;31m[Kfatal error: [m[Krclcpp/rclcpp.hpp: No such file or directory
[12.955s]     1 | #include [01;31m[K"rclcpp/rclcpp.hpp"[m[K
[12.955s]       |          [01;31m[K^~~~~~~~~~~~~~~~~~~[m[K
[12.955s] compilation terminated.
[12.970s] gmake[2]: *** [CMakeFiles/my_node.dir/build.make:76: CMakeFiles/my_node.dir/src/my_node.cpp.o] Error 1
[13.016s] gmake[1]: *** [CMakeFiles/Makefile2:137: CMakeFiles/my_node.dir/all] Error 2
[13.017s] gmake: *** [Makefile:146: all] Error 2
[13.017s] Invoked command in '/home/pavitpc/ros2_ws/build/my_package' returned '2': CMAKE_PREFIX_PATH=${CMAKE_PREFIX_PATH}:/home/pavitpc/ros2_ws/install/my_robot_controller:/home/pavitpc/ros2_ws/install/my_python_package:/opt/ros/humble /usr/bin/cmake --build /home/pavitpc/ros2_ws/build/my_package -- -j4 -l4
