[2.842s] Invoking command in '/home/pavitpc/ros2_ws/build/action_tutorials_cpp': CMAKE_PREFIX_PATH=${CMAKE_PREFIX_PATH}:/home/pavitpc/ros2_ws/install/my_robot_controller:/home/pavitpc/ros2_ws/install/my_python_package:/opt/ros/humble /usr/bin/cmake --build /home/pavitpc/ros2_ws/build/action_tutorials_cpp -- -j4 -l4
[7.139s] -- Found ament_cmake: 1.3.6 (/opt/ros/humble/share/ament_cmake/cmake)
[7.140s] -- Found action_tutorials_interfaces: 0.20.3 (/opt/ros/humble/share/action_tutorials_interfaces/cmake)
[7.140s] -- Found rosidl_generator_c: 3.1.5 (/opt/ros/humble/share/rosidl_generator_c/cmake)
[7.140s] -- Found rosidl_adapter: 3.1.5 (/opt/ros/humble/share/rosidl_adapter/cmake)
[7.140s] -- Found rosidl_generator_cpp: 3.1.5 (/opt/ros/humble/share/rosidl_generator_cpp/cmake)
[7.140s] -- Using all available rosidl_typesupport_c: rosidl_typesupport_fastrtps_c;rosidl_typesupport_introspection_c
[7.141s] -- Using all available rosidl_typesupport_cpp: rosidl_typesupport_fastrtps_cpp;rosidl_typesupport_introspection_cpp
[7.141s] -- Found rclcpp: 16.0.7 (/opt/ros/humble/share/rclcpp/cmake)
[7.611s] -- Found rmw_implementation_cmake: 6.1.1 (/opt/ros/humble/share/rmw_implementation_cmake/cmake)
[7.643s] -- Found rmw_cyclonedds_cpp: 1.3.4 (/opt/ros/humble/share/rmw_cyclonedds_cpp/cmake)
[7.902s] -- Using RMW implementation 'rmw_cyclonedds_cpp' as default
[9.713s] -- Found rclcpp_action: 16.0.7 (/opt/ros/humble/share/rclcpp_action/cmake)
[9.969s] -- Found rclcpp_components: 16.0.7 (/opt/ros/humble/share/rclcpp_components/cmake)
[10.508s] -- Found ament_lint_auto: 0.12.9 (/opt/ros/humble/share/ament_lint_auto/cmake)
[11.240s] -- Added test 'cppcheck' to perform static code analysis on C / C++ code
[11.241s] -- Configured cppcheck include dirs: $<BUILD_INTERFACE:/home/pavitpc/ros2_ws/src/action_tutorials_cpp/include>
[11.241s] -- Configured cppcheck exclude dirs and/or files: 
[11.248s] -- Added test 'lint_cmake' to check CMake code style
[11.295s] -- Added test 'uncrustify' to check C / C++ code style
[11.315s] -- Configured uncrustify additional arguments: 
[11.315s] -- Added test 'xmllint' to check XML markup files
[11.315s] -- Configuring done
[11.485s] -- Generating done
[11.514s] -- Build files have been written to: /home/pavitpc/ros2_ws/build/action_tutorials_cpp
[11.856s] [ 25%] [32mBuilding CXX object CMakeFiles/action_client.dir/src/navigate_to_pose_action_client.cpp.o[0m
[13.490s] [01m[K/home/pavitpc/ros2_ws/src/action_tutorials_cpp/src/navigate_to_pose_action_client.cpp:7:10:[m[K [01;31m[Kfatal error: [m[Knav2_msgs/action/navigate_to_pose.hpp: No such file or directory
[13.491s]     7 | #include [01;31m[K"nav2_msgs/action/navigate_to_pose.hpp"[m[K  // Include the correct header
[13.491s]       |          [01;31m[K^~~~~~~~~~~~~~~~~~~~~~~~~~~~~~~~~~~~~~~[m[K
[13.491s] compilation terminated.
[13.519s] gmake[2]: *** [CMakeFiles/action_client.dir/build.make:76: CMakeFiles/action_client.dir/src/navigate_to_pose_action_client.cpp.o] Error 1
[13.533s] gmake[1]: *** [CMakeFiles/Makefile2:139: CMakeFiles/action_client.dir/all] Error 2
[13.534s] gmake: *** [Makefile:146: all] Error 2
[13.546s] Invoked command in '/home/pavitpc/ros2_ws/build/action_tutorials_cpp' returned '2': CMAKE_PREFIX_PATH=${CMAKE_PREFIX_PATH}:/home/pavitpc/ros2_ws/install/my_robot_controller:/home/pavitpc/ros2_ws/install/my_python_package:/opt/ros/humble /usr/bin/cmake --build /home/pavitpc/ros2_ws/build/action_tutorials_cpp -- -j4 -l4
