<?xml version="1.0" encoding="UTF-8"?>
<Site BuildName="(empty)"
	BuildStamp="20240123-0611-Experimental"
	Name="pavitpc"
	Generator="ctest-3.22.1"
	CompilerName="/usr/bin/g++"
	CompilerVersion="11.4.0"
	OSName="Linux"
	Hostname="pavitpc"
	OSRelease="6.5.0-14-generic"
	OSVersion="#14~22.04.1-Ubuntu SMP PREEMPT_DYNAMIC Mon Nov 20 18:15:30 UTC 2"
	OSPlatform="x86_64"
	Is64Bits="1"
	VendorString="GenuineIntel"
	VendorID="Intel Corporation"
	FamilyID="6"
	ModelID="142"
	ProcessorCacheSize="3072"
	NumberOfLogicalCPU="4"
	NumberOfPhysicalCPU="2"
	TotalVirtualMemory="4037"
	TotalPhysicalMemory="3772"
	LogicalProcessorsPerPhysical="2"
	ProcessorClockFrequency="2300.01"
	>
	<Testing>
		<StartDateTime>Jan 23 23:27 IST</StartDateTime>
		<StartTestTime>1706032634</StartTestTime>
		<TestList/>
		<EndDateTime>Jan 23 23:27 IST</EndDateTime>
		<EndTestTime>1706032634</EndTestTime>
		<ElapsedMinutes>0</ElapsedMinutes>
	</Testing>
</Site>
